17:21:36 **** Incremental Build of configuration Debug for project midterm ****
make all 
make: Nothing to be done for `all'.
17:21:38 **** Incremental Build of configuration Debug for project 235_lab06 ****
make all 
make: Nothing to be done for `all'.
17:21:44 **** Incremental Build of configuration Debug for project midterm ****
make all 
make: Nothing to be done for `all'.
17:22:28 **** Incremental Build of configuration Debug for project 235_lab06 ****
make all 
make: Nothing to be done for `all'.
17:22:28 **** Incremental Build of configuration Debug for project midterm ****
make all 
Building file: ../main.cpp
Invoking: GCC C++ Compiler
g++ -O0 -g3 -Wall -c -fmessage-length=0 -MMD -MP -MF"main.d" -MT"main.d" -o "main.o" "../main.cpp"
Finished building: ../main.cpp
 
Building target: midterm
Invoking: GCC C++ Linker
g++  -o "midterm"  ./Person.o ./Team.o ./main.o   
Finished building target: midterm
 
17:22:31 **** Incremental Build of configuration Debug for project midterm ****
make all 
make: Nothing to be done for `all'.
17:23:29 **** Incremental Build of configuration Debug for project midterm ****
make all 
Building file: ../main.cpp
Invoking: GCC C++ Compiler
g++ -O0 -g3 -Wall -c -fmessage-length=0 -MMD -MP -MF"main.d" -MT"main.d" -o "main.o" "../main.cpp"
../main.cpp: In function ‘int main()’:
../main.cpp:68:10: error: expected ‘;’ before ‘}’ token
          }
          ^
../main.cpp:68:10: warning: statement has no effect [-Wunused-value]
make: *** [main.o] Error 1
17:23:50 **** Incremental Build of configuration Debug for project 235_lab05 ****
make all 
Building file: ../Factory.cpp
Invoking: GCC C++ Compiler
g++ -O0 -g3 -Wall -c -fmessage-length=0 -MMD -MP -MF"Factory.d" -MT"Factory.d" -o "Factory.o" "../Factory.cpp"
Finished building: ../Factory.cpp
 
Building file: ../Pathfinder.cpp
Invoking: GCC C++ Compiler
g++ -O0 -g3 -Wall -c -fmessage-length=0 -MMD -MP -MF"Pathfinder.d" -MT"Pathfinder.d" -o "Pathfinder.o" "../Pathfinder.cpp"
Finished building: ../Pathfinder.cpp
 
Building file: ../test.cpp
Invoking: GCC C++ Compiler
g++ -O0 -g3 -Wall -c -fmessage-length=0 -MMD -MP -MF"test.d" -MT"test.d" -o "test.o" "../test.cpp"
Finished building: ../test.cpp
 
Building target: 235_lab05
Invoking: MacOS X C++ Linker
g++  -o "235_lab05"  ./Factory.o ./Pathfinder.o ./test.o   
Finished building target: 235_lab05
 
17:23:51 **** Incremental Build of configuration Debug for project 235_lab06 ****
make all 
make: Nothing to be done for `all'.
17:23:52 **** Incremental Build of configuration Debug for project midterm ****
make all 
Building file: ../main.cpp
Invoking: GCC C++ Compiler
g++ -O0 -g3 -Wall -c -fmessage-length=0 -MMD -MP -MF"main.d" -MT"main.d" -o "main.o" "../main.cpp"
../main.cpp: In function ‘int main()’:
../main.cpp:68:10: error: expected ‘;’ before ‘}’ token
          }
          ^
../main.cpp:68:10: warning: statement has no effect [-Wunused-value]
make: *** [main.o] Error 1
17:24:00 **** Incremental Build of configuration Debug for project 235_lab05 ****
make all 
make: Nothing to be done for `all'.
17:24:00 **** Incremental Build of configuration Debug for project 235_lab06 ****
make all 
make: Nothing to be done for `all'.
17:24:00 **** Incremental Build of configuration Debug for project midterm ****
make all 
Building file: ../main.cpp
Invoking: GCC C++ Compiler
g++ -O0 -g3 -Wall -c -fmessage-length=0 -MMD -MP -MF"main.d" -MT"main.d" -o "main.o" "../main.cpp"
../main.cpp: In function ‘int main()’:
../main.cpp:68:10: error: expected ‘;’ before ‘}’ token
          }
          ^
../main.cpp:68:10: warning: statement has no effect [-Wunused-value]
make: *** [main.o] Error 1
17:24:06 **** Incremental Build of configuration Debug for project 235_lab05 ****
make all 
make: Nothing to be done for `all'.
17:24:06 **** Incremental Build of configuration Debug for project 235_lab06 ****
make all 
make: Nothing to be done for `all'.
17:24:07 **** Incremental Build of configuration Debug for project midterm ****
make all 
Building file: ../main.cpp
Invoking: GCC C++ Compiler
g++ -O0 -g3 -Wall -c -fmessage-length=0 -MMD -MP -MF"main.d" -MT"main.d" -o "main.o" "../main.cpp"
../main.cpp: In function ‘int main()’:
../main.cpp:68:10: error: expected ‘;’ before ‘}’ token
          }
          ^
../main.cpp:68:10: warning: statement has no effect [-Wunused-value]
make: *** [main.o] Error 1
17:24:18 **** Incremental Build of configuration Debug for project midterm ****
make all 
Building file: ../main.cpp
Invoking: GCC C++ Compiler
g++ -O0 -g3 -Wall -c -fmessage-length=0 -MMD -MP -MF"main.d" -MT"main.d" -o "main.o" "../main.cpp"
Finished building: ../main.cpp
 
Building target: midterm
Invoking: GCC C++ Linker
g++  -o "midterm"  ./Person.o ./Team.o ./main.o   
Finished building target: midterm
 
17:25:22 **** Incremental Build of configuration Debug for project 235_lab05 ****
make all 
make: Nothing to be done for `all'.
17:25:22 **** Incremental Build of configuration Debug for project 235_lab06 ****
make all 
make: Nothing to be done for `all'.
17:25:22 **** Incremental Build of configuration Debug for project midterm ****
make all 
Building file: ../main.cpp
Invoking: GCC C++ Compiler
g++ -O0 -g3 -Wall -c -fmessage-length=0 -MMD -MP -MF"main.d" -MT"main.d" -o "main.o" "../main.cpp"
Finished building: ../main.cpp
 
Building target: midterm
Invoking: GCC C++ Linker
g++  -o "midterm"  ./Person.o ./Team.o ./main.o   
Finished building target: midterm
 
17:25:24 **** Incremental Build of configuration Debug for project midterm ****
make all 
make: Nothing to be done for `all'.
17:25:39 **** Incremental Build of configuration Debug for project 235_lab05 ****
make all 
make: Nothing to be done for `all'.
17:25:40 **** Incremental Build of configuration Debug for project 235_lab06 ****
make all 
make: Nothing to be done for `all'.
17:25:40 **** Incremental Build of configuration Debug for project midterm ****
make all 
Building file: ../main.cpp
Invoking: GCC C++ Compiler
g++ -O0 -g3 -Wall -c -fmessage-length=0 -MMD -MP -MF"main.d" -MT"main.d" -o "main.o" "../main.cpp"
Finished building: ../main.cpp
 
Building target: midterm
Invoking: GCC C++ Linker
g++  -o "midterm"  ./Person.o ./Team.o ./main.o   
Finished building target: midterm
 
17:25:42 **** Incremental Build of configuration Debug for project midterm ****
make all 
make: Nothing to be done for `all'.
17:26:41 **** Incremental Build of configuration Debug for project 235_lab05 ****
make all 
make: Nothing to be done for `all'.
17:26:41 **** Incremental Build of configuration Debug for project 235_lab06 ****
make all 
make: Nothing to be done for `all'.
17:26:41 **** Incremental Build of configuration Debug for project midterm ****
make all 
Building file: ../main.cpp
Invoking: GCC C++ Compiler
g++ -O0 -g3 -Wall -c -fmessage-length=0 -MMD -MP -MF"main.d" -MT"main.d" -o "main.o" "../main.cpp"
Finished building: ../main.cpp
 
Building target: midterm
Invoking: GCC C++ Linker
g++  -o "midterm"  ./Person.o ./Team.o ./main.o   
Finished building target: midterm
 
17:31:00 **** Incremental Build of configuration Debug for project 235_lab05 ****
make all 
make: Nothing to be done for `all'.
17:31:00 **** Incremental Build of configuration Debug for project 235_lab06 ****
make all 
make: Nothing to be done for `all'.
17:31:00 **** Incremental Build of configuration Debug for project midterm ****
make all 
Building file: ../main.cpp
Invoking: GCC C++ Compiler
g++ -O0 -g3 -Wall -c -fmessage-length=0 -MMD -MP -MF"main.d" -MT"main.d" -o "main.o" "../main.cpp"
../main.cpp: In function ‘int main()’:
../main.cpp:88:7: error: expected ‘;’ before ‘}’ token
       }
       ^
make: *** [main.o] Error 1
16:29:38 **** Build of configuration Debug for project 235_lab05 ****
make all 
make: Nothing to be done for `all'.
16:29:39 **** Build of configuration Debug for project lab6 ****
make all 
Building file: ../BST.cpp
Invoking: GCC C++ Compiler
g++ -O0 -g3 -Wall -c -fmessage-length=0 -MMD -MP -MF"BST.d" -MT"BST.d" -o "BST.o" "../BST.cpp"
Finished building: ../BST.cpp
 
Building file: ../Factory.cpp
Invoking: GCC C++ Compiler
g++ -O0 -g3 -Wall -c -fmessage-length=0 -MMD -MP -MF"Factory.d" -MT"Factory.d" -o "Factory.o" "../Factory.cpp"
Finished building: ../Factory.cpp
 
Building file: ../Node.cpp
Invoking: GCC C++ Compiler
g++ -O0 -g3 -Wall -c -fmessage-length=0 -MMD -MP -MF"Node.d" -MT"Node.d" -o "Node.o" "../Node.cpp"
Finished building: ../Node.cpp
 
Building file: ../test.cpp
Invoking: GCC C++ Compiler
g++ -O0 -g3 -Wall -c -fmessage-length=0 -MMD -MP -MF"test.d" -MT"test.d" -o "test.o" "../test.cpp"
Finished building: ../test.cpp
 
Building target: lab6
Invoking: GCC C++ Linker
g++  -o "lab6"  ./BST.o ./Factory.o ./Node.o ./test.o   
Finished building target: lab6
 
16:29:45 **** Incremental Build of configuration Debug for project lab6 ****
make all 
make: Nothing to be done for `all'.
16:29:47 **** Incremental Build of configuration Debug for project lab6 ****
make all 
make: Nothing to be done for `all'.
16:29:48 **** Incremental Build of configuration Debug for project lab6 ****
make all 
make: Nothing to be done for `all'.
16:29:49 **** Incremental Build of configuration Debug for project lab6 ****
make all 
make: Nothing to be done for `all'.
16:29:50 **** Incremental Build of configuration Debug for project lab6 ****
make all 
make: Nothing to be done for `all'.
16:29:51 **** Incremental Build of configuration Debug for project lab6 ****
make all 
make: Nothing to be done for `all'.
16:29:52 **** Incremental Build of configuration Debug for project lab6 ****
make all 
make: Nothing to be done for `all'.
16:29:53 **** Incremental Build of configuration Debug for project lab6 ****
make all 
make: Nothing to be done for `all'.
16:29:54 **** Incremental Build of configuration Debug for project lab6 ****
make all 
make: Nothing to be done for `all'.
16:29:55 **** Incremental Build of configuration Debug for project lab6 ****
make all 
make: Nothing to be done for `all'.
16:29:56 **** Incremental Build of configuration Debug for project lab6 ****
make all 
make: Nothing to be done for `all'.
16:29:57 **** Incremental Build of configuration Debug for project lab6 ****
make all 
make: Nothing to be done for `all'.
16:29:58 **** Incremental Build of configuration Debug for project lab6 ****
make all 
make: Nothing to be done for `all'.
16:32:03 **** Incremental Build of configuration Debug for project lab6 ****
make all 
Building file: ../BST.cpp
Invoking: GCC C++ Compiler
g++ -O0 -g3 -Wall -c -fmessage-length=0 -MMD -MP -MF"BST.d" -MT"BST.d" -o "BST.o" "../BST.cpp"
Finished building: ../BST.cpp
 
Building file: ../test.cpp
Invoking: GCC C++ Compiler
g++ -O0 -g3 -Wall -c -fmessage-length=0 -MMD -MP -MF"test.d" -MT"test.d" -o "test.o" "../test.cpp"
Finished building: ../test.cpp
 
Building target: lab6
Invoking: GCC C++ Linker
g++  -o "lab6"  ./BST.o ./Factory.o ./Node.o ./test.o   
Finished building target: lab6
 
16:32:37 **** Incremental Build of configuration Debug for project 235_lab05 ****
make all 
make: Nothing to be done for `all'.
16:32:37 **** Incremental Build of configuration Debug for project lab6 ****
make all 
Building file: ../test.cpp
Invoking: GCC C++ Compiler
g++ -O0 -g3 -Wall -c -fmessage-length=0 -MMD -MP -MF"test.d" -MT"test.d" -o "test.o" "../test.cpp"
Finished building: ../test.cpp
 
Building target: lab6
Invoking: GCC C++ Linker
g++  -o "lab6"  ./BST.o ./Factory.o ./Node.o ./test.o   
Finished building target: lab6
 
16:32:38 **** Incremental Build of configuration Debug for project lab6 ****
make all 
make: Nothing to be done for `all'.
16:34:03 **** Incremental Build of configuration Debug for project lab6 ****
make all 
make: Nothing to be done for `all'.
17:23:46 **** Incremental Build of configuration Debug for project 235_lab05 ****
make all 
make: Nothing to be done for `all'.
17:23:46 **** Incremental Build of configuration Debug for project lab6 ****
make all 
Building file: ../BST.cpp
Invoking: GCC C++ Compiler
g++ -O0 -g3 -Wall -c -fmessage-length=0 -MMD -MP -MF"BST.d" -MT"BST.d" -o "BST.o" "../BST.cpp"
Finished building: ../BST.cpp
 
Building file: ../Factory.cpp
Invoking: GCC C++ Compiler
g++ -O0 -g3 -Wall -c -fmessage-length=0 -MMD -MP -MF"Factory.d" -MT"Factory.d" -o "Factory.o" "../Factory.cpp"
Finished building: ../Factory.cpp
 
Building file: ../test.cpp
Invoking: GCC C++ Compiler
g++ -O0 -g3 -Wall -c -fmessage-length=0 -MMD -MP -MF"test.d" -MT"test.d" -o "test.o" "../test.cpp"
Finished building: ../test.cpp
 
Building target: lab6
Invoking: GCC C++ Linker
g++  -o "lab6"  ./BST.o ./Factory.o ./Node.o ./test.o   
Finished building target: lab6
 
